[0727/010333.768:ERROR:gles2_command_buffer_stub.cc(226)] ContextResult::kFatalFailure: Failed to create surface.
[0727/010333.796:ERROR:gpu_process_transport_factory.cc(1029)] Lost UI shared context.
[0727/010355.971:INFO:CONSOLE(0)] "Failed to decode downloaded font: https://www.redditstatic.com/desktop2x/fonts/IBMPlexSans/Medium-1051a531d3e1ee3483a6533158557139.woff", source: https://www.reddit.com/ (0)
[0727/010355.973:INFO:CONSOLE(0)] "OTS parsing error: invalid version tag", source: https://www.reddit.com/ (0)
[0727/010355.988:INFO:CONSOLE(0)] "Failed to decode downloaded font: https://www.redditstatic.com/desktop2x/fonts/IBMPlexSans/Regular-e6bbcdd30d3bd4d6b170bcb6d3552cab.woff", source: https://www.reddit.com/ (0)
[0727/010355.988:INFO:CONSOLE(0)] "OTS parsing error: invalid version tag", source: https://www.reddit.com/ (0)
[0727/010358.390:INFO:CONSOLE(1)] "
                  ,d"=≥,.,qOp,
                 ,7'  ''²$(  )
                ,7'      '?q$7'
             ..,$$,.
   ,.  .,,--***²""²***--,,.  .,
 ²   ,p²''              ''²q,   ²
:  ,7'                      '7,  :
 ' $      ,db,      ,db,      $ '
  '$      ²$$²      ²$$²      $'    Using Reddit at work? Work for Reddit.
  '$                          $'        https://www.reddit.com/jobs
   '$.     .,        ,.     .$'
    'b,     '²«»«»«»²'     ,d'
     '²?bn,,          ,,nd?²'
       ,7$ ''²²²²²²²²'' $7,
     ,² ²$              $² ²,
     $  :$              $:  $
     $   $              $   $
     'b  q:            :p  d'
      '²«?$.          .$?»²'
         'b            d'
       ,²²'?,.      .,?'²²,
      ²==--≥²²==--==²²≤--==²
", source: https://www.redditstatic.com/desktop2x/Chat~Gifts~ProductionClient~Reddit.f3fe6b51028be475d9ab.js (1)
[0727/010359.119:INFO:CONSOLE(1)] "Failed to decode downloaded font: https://www.redditstatic.com/desktop2x/fonts/IBMPlexSans/Regular-e6bbcdd30d3bd4d6b170bcb6d3552cab.woff", source: https://www.redditstatic.com/desktop2x/Profile~ProfileHomepage~ProfilePostComments~R2CommentsPage~R2Listing~Reddit.8aff56326ed6d6bb44d4.js (1)
[0727/010359.151:INFO:CONSOLE(1)] "OTS parsing error: invalid version tag", source: https://www.redditstatic.com/desktop2x/Profile~ProfileHomepage~ProfilePostComments~R2CommentsPage~R2Listing~Reddit.8aff56326ed6d6bb44d4.js (1)
[0727/010359.152:INFO:CONSOLE(1)] "Failed to decode downloaded font: https://www.redditstatic.com/desktop2x/fonts/IBMPlexSans/Medium-1051a531d3e1ee3483a6533158557139.woff", source: https://www.redditstatic.com/desktop2x/Profile~ProfileHomepage~ProfilePostComments~R2CommentsPage~R2Listing~Reddit.8aff56326ed6d6bb44d4.js (1)
[0727/010359.152:INFO:CONSOLE(1)] "OTS parsing error: invalid version tag", source: https://www.redditstatic.com/desktop2x/Profile~ProfileHomepage~ProfilePostComments~R2CommentsPage~R2Listing~Reddit.8aff56326ed6d6bb44d4.js (1)
[0727/010359.822:INFO:CONSOLE(1)] "%cStarting Raven %crelease %c429aaeab-production %cpublic url %chttps://6b5ce051b2ed4032bd906af3de0630cd@oops.redditmedia.com/11", source: https://www.redditstatic.com/desktop2x/Chat~Gifts~ProductionClient~Reddit.f3fe6b51028be475d9ab.js (1)
[0727/010406.745:INFO:CONSOLE(0)] "Failed to decode downloaded font: https://www.redditstatic.com/desktop2x/fonts/IBMPlexSans/Regular-e6bbcdd30d3bd4d6b170bcb6d3552cab.woff", source: https://www.reddit.com/ (0)
[0727/010406.746:INFO:CONSOLE(0)] "OTS parsing error: invalid version tag", source: https://www.reddit.com/ (0)
[0727/010406.747:INFO:CONSOLE(0)] "Failed to decode downloaded font: https://www.redditstatic.com/desktop2x/fonts/IBMPlexSans/Medium-1051a531d3e1ee3483a6533158557139.woff", source: https://www.reddit.com/ (0)
[0727/010406.747:INFO:CONSOLE(0)] "OTS parsing error: invalid version tag", source: https://www.reddit.com/ (0)
[0727/010408.084:INFO:CONSOLE(1)] "
                  ,d"=≥,.,qOp,
                 ,7'  ''²$(  )
                ,7'      '?q$7'
             ..,$$,.
   ,.  .,,--***²""²***--,,.  .,
 ²   ,p²''              ''²q,   ²
:  ,7'                      '7,  :
 ' $      ,db,      ,db,      $ '
  '$      ²$$²      ²$$²      $'    Using Reddit at work? Work for Reddit.
  '$                          $'        https://www.reddit.com/jobs
   '$.     .,        ,.     .$'
    'b,     '²«»«»«»²'     ,d'
     '²?bn,,          ,,nd?²'
       ,7$ ''²²²²²²²²'' $7,
     ,² ²$              $² ²,
     $  :$              $:  $
     $   $              $   $
     'b  q:            :p  d'
      '²«?$.          .$?»²'
         'b            d'
       ,²²'?,.      .,?'²²,
      ²==--≥²²==--==²²≤--==²
", source: https://www.redditstatic.com/desktop2x/Chat~Gifts~ProductionClient~Reddit.f3fe6b51028be475d9ab.js (1)
[0727/010408.256:INFO:CONSOLE(1)] "Failed to decode downloaded font: https://www.redditstatic.com/desktop2x/fonts/IBMPlexSans/Regular-e6bbcdd30d3bd4d6b170bcb6d3552cab.woff", source: https://www.redditstatic.com/desktop2x/Profile~ProfileHomepage~ProfilePostComments~R2CommentsPage~R2Listing~Reddit.8aff56326ed6d6bb44d4.js (1)
[0727/010408.256:INFO:CONSOLE(1)] "OTS parsing error: invalid version tag", source: https://www.redditstatic.com/desktop2x/Profile~ProfileHomepage~ProfilePostComments~R2CommentsPage~R2Listing~Reddit.8aff56326ed6d6bb44d4.js (1)
[0727/010408.260:INFO:CONSOLE(1)] "Failed to decode downloaded font: https://www.redditstatic.com/desktop2x/fonts/IBMPlexSans/Medium-1051a531d3e1ee3483a6533158557139.woff", source: https://www.redditstatic.com/desktop2x/Profile~ProfileHomepage~ProfilePostComments~R2CommentsPage~R2Listing~Reddit.8aff56326ed6d6bb44d4.js (1)
[0727/010408.260:INFO:CONSOLE(1)] "OTS parsing error: invalid version tag", source: https://www.redditstatic.com/desktop2x/Profile~ProfileHomepage~ProfilePostComments~R2CommentsPage~R2Listing~Reddit.8aff56326ed6d6bb44d4.js (1)
[0727/010408.516:INFO:CONSOLE(1)] "%cStarting Raven %crelease %c429aaeab-production %cpublic url %chttps://6b5ce051b2ed4032bd906af3de0630cd@oops.redditmedia.com/11", source: https://www.redditstatic.com/desktop2x/Chat~Gifts~ProductionClient~Reddit.f3fe6b51028be475d9ab.js (1)
[0727/010408.601:ERROR:render_media_log.cc(30)] MediaEvent: MEDIA_ERROR_LOG_ENTRY {"error":"FFmpegDemuxer: no supported streams"}
[0727/010409.452:INFO:CONSOLE(1)] "Failed to decode downloaded font: https://www.redditstatic.com/desktop2x/fonts/IBMPlexSans/Regular-e6bbcdd30d3bd4d6b170bcb6d3552cab.woff", source: https://www.redditstatic.com/desktop2x/Reddit.e97b200e09601a10d43f.js (1)
[0727/010409.452:INFO:CONSOLE(1)] "OTS parsing error: invalid version tag", source: https://www.redditstatic.com/desktop2x/Reddit.e97b200e09601a10d43f.js (1)
[0727/010409.452:INFO:CONSOLE(1)] "Failed to decode downloaded font: https://www.redditstatic.com/desktop2x/fonts/IBMPlexSans/Medium-1051a531d3e1ee3483a6533158557139.woff", source: https://www.redditstatic.com/desktop2x/Reddit.e97b200e09601a10d43f.js (1)
[0727/010409.453:INFO:CONSOLE(1)] "OTS parsing error: invalid version tag", source: https://www.redditstatic.com/desktop2x/Reddit.e97b200e09601a10d43f.js (1)
[0727/010409.593:ERROR:render_media_log.cc(30)] MediaEvent: PIPELINE_ERROR DEMUXER_ERROR_NO_SUPPORTED_STREAMS
[0727/010409.605:INFO:CONSOLE(0)] "Failed to decode downloaded font: https://www.redditstatic.com/desktop2x/fonts/IBMPlexSans/Regular-e6bbcdd30d3bd4d6b170bcb6d3552cab.woff", source: https://www.reddit.com/ (0)
[0727/010409.605:INFO:CONSOLE(0)] "OTS parsing error: invalid version tag", source: https://www.reddit.com/ (0)
[0727/010409.605:INFO:CONSOLE(0)] "Failed to decode downloaded font: https://www.redditstatic.com/desktop2x/fonts/IBMPlexSans/Medium-1051a531d3e1ee3483a6533158557139.woff", source: https://www.reddit.com/ (0)
[0727/010409.605:INFO:CONSOLE(0)] "OTS parsing error: invalid version tag", source: https://www.reddit.com/ (0)
[0727/010410.510:INFO:CONSOLE(0)] "Failed to decode downloaded font: https://www.redditstatic.com/desktop2x/fonts/IBMPlexSans/Regular-e6bbcdd30d3bd4d6b170bcb6d3552cab.woff", source: https://www.reddit.com/ (0)
[0727/010410.514:INFO:CONSOLE(0)] "OTS parsing error: invalid version tag", source: https://www.reddit.com/ (0)
[0727/010410.514:INFO:CONSOLE(0)] "Failed to decode downloaded font: https://www.redditstatic.com/desktop2x/fonts/IBMPlexSans/Medium-1051a531d3e1ee3483a6533158557139.woff", source: https://www.reddit.com/ (0)
[0727/010410.515:INFO:CONSOLE(0)] "OTS parsing error: invalid version tag", source: https://www.reddit.com/ (0)
[0727/010411.283:INFO:CONSOLE(0)] "Failed to decode downloaded font: https://www.redditstatic.com/desktop2x/fonts/IBMPlexSans/Regular-e6bbcdd30d3bd4d6b170bcb6d3552cab.woff", source: https://www.reddit.com/ (0)
[0727/010411.283:INFO:CONSOLE(0)] "OTS parsing error: invalid version tag", source: https://www.reddit.com/ (0)
[0727/010411.283:INFO:CONSOLE(0)] "Failed to decode downloaded font: https://www.redditstatic.com/desktop2x/fonts/IBMPlexSans/Medium-1051a531d3e1ee3483a6533158557139.woff", source: https://www.reddit.com/ (0)
[0727/010411.284:INFO:CONSOLE(0)] "OTS parsing error: invalid version tag", source: https://www.reddit.com/ (0)
[0727/010411.516:ERROR:render_media_log.cc(30)] MediaEvent: MEDIA_ERROR_LOG_ENTRY {"error":"FFmpegDemuxer: no supported streams"}
[0727/010411.680:INFO:CONSOLE(1)] "
                  ,d"=≥,.,qOp,
                 ,7'  ''²$(  )
                ,7'      '?q$7'
             ..,$$,.
   ,.  .,,--***²""²***--,,.  .,
 ²   ,p²''              ''²q,   ²
:  ,7'                      '7,  :
 ' $      ,db,      ,db,      $ '
  '$      ²$$²      ²$$²      $'    Using Reddit at work? Work for Reddit.
  '$                          $'        https://www.reddit.com/jobs
   '$.     .,        ,.     .$'
    'b,     '²«»«»«»²'     ,d'
     '²?bn,,          ,,nd?²'
       ,7$ ''²²²²²²²²'' $7,
     ,² ²$              $² ²,
     $  :$              $:  $
     $   $              $   $
     'b  q:            :p  d'
      '²«?$.          .$?»²'
         'b            d'
       ,²²'?,.      .,?'²²,
      ²==--≥²²==--==²²≤--==²
", source: https://www.redditstatic.com/desktop2x/Chat~Gifts~ProductionClient~Reddit.f3fe6b51028be475d9ab.js (1)
[0727/010411.777:INFO:CONSOLE(1)] "Failed to decode downloaded font: https://www.redditstatic.com/desktop2x/fonts/IBMPlexSans/Regular-e6bbcdd30d3bd4d6b170bcb6d3552cab.woff", source: https://www.redditstatic.com/desktop2x/Profile~ProfileHomepage~ProfilePostComments~R2CommentsPage~R2Listing~Reddit.8aff56326ed6d6bb44d4.js (1)
[0727/010411.777:INFO:CONSOLE(1)] "OTS parsing error: invalid version tag", source: https://www.redditstatic.com/desktop2x/Profile~ProfileHomepage~ProfilePostComments~R2CommentsPage~R2Listing~Reddit.8aff56326ed6d6bb44d4.js (1)
[0727/010411.777:INFO:CONSOLE(1)] "Failed to decode downloaded font: https://www.redditstatic.com/desktop2x/fonts/IBMPlexSans/Medium-1051a531d3e1ee3483a6533158557139.woff", source: https://www.redditstatic.com/desktop2x/Profile~ProfileHomepage~ProfilePostComments~R2CommentsPage~R2Listing~Reddit.8aff56326ed6d6bb44d4.js (1)
[0727/010411.778:INFO:CONSOLE(1)] "OTS parsing error: invalid version tag", source: https://www.redditstatic.com/desktop2x/Profile~ProfileHomepage~ProfilePostComments~R2CommentsPage~R2Listing~Reddit.8aff56326ed6d6bb44d4.js (1)
[0727/010411.858:INFO:CONSOLE(1)] "%cStarting Raven %crelease %c429aaeab-production %cpublic url %chttps://6b5ce051b2ed4032bd906af3de0630cd@oops.redditmedia.com/11", source: https://www.redditstatic.com/desktop2x/Chat~Gifts~ProductionClient~Reddit.f3fe6b51028be475d9ab.js (1)
[0727/010411.975:ERROR:render_media_log.cc(30)] MediaEvent: PIPELINE_ERROR DEMUXER_ERROR_NO_SUPPORTED_STREAMS
[0727/010412.897:INFO:CONSOLE(1)] "Failed to decode downloaded font: https://www.redditstatic.com/desktop2x/fonts/IBMPlexSans/Regular-e6bbcdd30d3bd4d6b170bcb6d3552cab.woff", source: https://www.redditstatic.com/desktop2x/Reddit.e97b200e09601a10d43f.js (1)
[0727/010412.912:INFO:CONSOLE(1)] "OTS parsing error: invalid version tag", source: https://www.redditstatic.com/desktop2x/Reddit.e97b200e09601a10d43f.js (1)
[0727/010412.913:INFO:CONSOLE(1)] "Failed to decode downloaded font: https://www.redditstatic.com/desktop2x/fonts/IBMPlexSans/Medium-1051a531d3e1ee3483a6533158557139.woff", source: https://www.redditstatic.com/desktop2x/Reddit.e97b200e09601a10d43f.js (1)
[0727/010412.918:INFO:CONSOLE(1)] "OTS parsing error: invalid version tag", source: https://www.redditstatic.com/desktop2x/Reddit.e97b200e09601a10d43f.js (1)
[0727/010413.066:INFO:CONSOLE(0)] "Failed to decode downloaded font: https://www.redditstatic.com/desktop2x/fonts/IBMPlexSans/Regular-e6bbcdd30d3bd4d6b170bcb6d3552cab.woff", source: https://www.reddit.com/ (0)
[0727/010413.067:INFO:CONSOLE(0)] "OTS parsing error: invalid version tag", source: https://www.reddit.com/ (0)
[0727/010413.067:INFO:CONSOLE(0)] "Failed to decode downloaded font: https://www.redditstatic.com/desktop2x/fonts/IBMPlexSans/Medium-1051a531d3e1ee3483a6533158557139.woff", source: https://www.reddit.com/ (0)
[0727/010413.067:INFO:CONSOLE(0)] "OTS parsing error: invalid version tag", source: https://www.reddit.com/ (0)
[0727/010413.973:INFO:CONSOLE(0)] "Failed to decode downloaded font: https://www.redditstatic.com/desktop2x/fonts/IBMPlexSans/Regular-e6bbcdd30d3bd4d6b170bcb6d3552cab.woff", source: https://www.reddit.com/ (0)
[0727/010413.974:INFO:CONSOLE(0)] "OTS parsing error: invalid version tag", source: https://www.reddit.com/ (0)
[0727/010413.974:INFO:CONSOLE(0)] "Failed to decode downloaded font: https://www.redditstatic.com/desktop2x/fonts/IBMPlexSans/Medium-1051a531d3e1ee3483a6533158557139.woff", source: https://www.reddit.com/ (0)
[0727/010413.977:INFO:CONSOLE(0)] "OTS parsing error: invalid version tag", source: https://www.reddit.com/ (0)
[0727/010414.433:INFO:CONSOLE(0)] "Failed to decode downloaded font: https://www.redditstatic.com/desktop2x/fonts/IBMPlexSans/Regular-e6bbcdd30d3bd4d6b170bcb6d3552cab.woff", source: https://www.reddit.com/ (0)
[0727/010414.433:INFO:CONSOLE(0)] "OTS parsing error: invalid version tag", source: https://www.reddit.com/ (0)
[0727/010414.433:INFO:CONSOLE(0)] "Failed to decode downloaded font: https://www.redditstatic.com/desktop2x/fonts/IBMPlexSans/Medium-1051a531d3e1ee3483a6533158557139.woff", source: https://www.reddit.com/ (0)
[0727/010414.434:INFO:CONSOLE(0)] "OTS parsing error: invalid version tag", source: https://www.reddit.com/ (0)
[0727/010414.802:INFO:CONSOLE(0)] "Error parsing header X-XSS-Protection: 1; mode=block; report=https://www.google.com/appserve/security-bugs/log/youtube: insecure reporting URL for secure page at character position 22. The default protections will be applied.", source: https://www.youtube.com/embed/c_sXhn8Omn8?wmode=opaque&widget_referrer=https%3A%2F%2Fwww.redditmedia.com%2Fmediaembed%2F927yhb%3Fresponsive%3Dtrue&enablejsapi=1&origin=https%3A%2F%2Fcdn.embedly.com&widgetid=1 (0)
[0727/010417.092:WARNING:url_request_job_manager.cc(90)] Failed to map: chrome-extension://invalid/
[0727/010417.202:WARNING:url_request_job_manager.cc(90)] Failed to map: chrome-extension://invalid/
[0727/010417.386:INFO:CONSOLE(0)] "Failed to decode downloaded font: https://www.redditstatic.com/desktop2x/fonts/IBMPlexSans/Regular-e6bbcdd30d3bd4d6b170bcb6d3552cab.woff", source: https://www.reddit.com/ (0)
[0727/010417.387:INFO:CONSOLE(0)] "OTS parsing error: invalid version tag", source: https://www.reddit.com/ (0)
[0727/010417.387:INFO:CONSOLE(0)] "Failed to decode downloaded font: https://www.redditstatic.com/desktop2x/fonts/IBMPlexSans/Medium-1051a531d3e1ee3483a6533158557139.woff", source: https://www.reddit.com/ (0)
[0727/010417.387:INFO:CONSOLE(0)] "OTS parsing error: invalid version tag", source: https://www.reddit.com/ (0)
[0727/010417.605:WARNING:render_frame_host_impl.cc(2751)] OnDidStopLoading was called twice.
[0727/010417.608:WARNING:render_frame_host_impl.cc(2751)] OnDidStopLoading was called twice.
[0727/010418.920:ERROR:render_media_log.cc(30)] MediaEvent: MEDIA_ERROR_LOG_ENTRY {"error":"FFmpegDemuxer: no supported streams"}
[0727/010418.920:ERROR:render_media_log.cc(30)] MediaEvent: PIPELINE_ERROR DEMUXER_ERROR_NO_SUPPORTED_STREAMS
[0727/010423.596:INFO:CONSOLE(0)] "Failed to decode downloaded font: https://www.redditstatic.com/desktop2x/fonts/IBMPlexSans/Regular-e6bbcdd30d3bd4d6b170bcb6d3552cab.woff", source: https://www.reddit.com/ (0)
[0727/010423.596:INFO:CONSOLE(0)] "OTS parsing error: invalid version tag", source: https://www.reddit.com/ (0)
[0727/010423.597:INFO:CONSOLE(0)] "Failed to decode downloaded font: https://www.redditstatic.com/desktop2x/fonts/IBMPlexSans/Medium-1051a531d3e1ee3483a6533158557139.woff", source: https://www.reddit.com/ (0)
[0727/010423.597:INFO:CONSOLE(0)] "OTS parsing error: invalid version tag", source: https://www.reddit.com/ (0)
[0727/010423.770:ERROR:render_media_log.cc(30)] MediaEvent: MEDIA_ERROR_LOG_ENTRY {"error":"FFmpegDemuxer: no supported streams"}
[0727/010423.885:INFO:CONSOLE(1)] "
                  ,d"=≥,.,qOp,
                 ,7'  ''²$(  )
                ,7'      '?q$7'
             ..,$$,.
   ,.  .,,--***²""²***--,,.  .,
 ²   ,p²''              ''²q,   ²
:  ,7'                      '7,  :
 ' $      ,db,      ,db,      $ '
  '$      ²$$²      ²$$²      $'    Using Reddit at work? Work for Reddit.
  '$                          $'        https://www.reddit.com/jobs
   '$.     .,        ,.     .$'
    'b,     '²«»«»«»²'     ,d'
     '²?bn,,          ,,nd?²'
       ,7$ ''²²²²²²²²'' $7,
     ,² ²$              $² ²,
     $  :$              $:  $
     $   $              $   $
     'b  q:            :p  d'
      '²«?$.          .$?»²'
         'b            d'
       ,²²'?,.      .,?'²²,
      ²==--≥²²==--==²²≤--==²
", source: https://www.redditstatic.com/desktop2x/Chat~Gifts~ProductionClient~Reddit.f3fe6b51028be475d9ab.js (1)
[0727/010424.070:INFO:CONSOLE(1)] "Failed to decode downloaded font: https://www.redditstatic.com/desktop2x/fonts/IBMPlexSans/Regular-e6bbcdd30d3bd4d6b170bcb6d3552cab.woff", source: https://www.redditstatic.com/desktop2x/Profile~ProfileHomepage~ProfilePostComments~R2CommentsPage~R2Listing~Reddit.8aff56326ed6d6bb44d4.js (1)
[0727/010424.071:INFO:CONSOLE(1)] "OTS parsing error: invalid version tag", source: https://www.redditstatic.com/desktop2x/Profile~ProfileHomepage~ProfilePostComments~R2CommentsPage~R2Listing~Reddit.8aff56326ed6d6bb44d4.js (1)
[0727/010424.071:INFO:CONSOLE(1)] "Failed to decode downloaded font: https://www.redditstatic.com/desktop2x/fonts/IBMPlexSans/Medium-1051a531d3e1ee3483a6533158557139.woff", source: https://www.redditstatic.com/desktop2x/Profile~ProfileHomepage~ProfilePostComments~R2CommentsPage~R2Listing~Reddit.8aff56326ed6d6bb44d4.js (1)
[0727/010424.071:INFO:CONSOLE(1)] "OTS parsing error: invalid version tag", source: https://www.redditstatic.com/desktop2x/Profile~ProfileHomepage~ProfilePostComments~R2CommentsPage~R2Listing~Reddit.8aff56326ed6d6bb44d4.js (1)
[0727/010424.369:INFO:CONSOLE(1)] "%cStarting Raven %crelease %c429aaeab-production %cpublic url %chttps://6b5ce051b2ed4032bd906af3de0630cd@oops.redditmedia.com/11", source: https://www.redditstatic.com/desktop2x/Chat~Gifts~ProductionClient~Reddit.f3fe6b51028be475d9ab.js (1)
[0727/010424.443:ERROR:render_media_log.cc(30)] MediaEvent: PIPELINE_ERROR DEMUXER_ERROR_NO_SUPPORTED_STREAMS
[0727/010425.789:INFO:CONSOLE(1)] "Failed to decode downloaded font: https://www.redditstatic.com/desktop2x/fonts/IBMPlexSans/Regular-e6bbcdd30d3bd4d6b170bcb6d3552cab.woff", source: https://www.redditstatic.com/desktop2x/Reddit.e97b200e09601a10d43f.js (1)
[0727/010425.789:INFO:CONSOLE(1)] "OTS parsing error: invalid version tag", source: https://www.redditstatic.com/desktop2x/Reddit.e97b200e09601a10d43f.js (1)
[0727/010425.789:INFO:CONSOLE(1)] "Failed to decode downloaded font: https://www.redditstatic.com/desktop2x/fonts/IBMPlexSans/Medium-1051a531d3e1ee3483a6533158557139.woff", source: https://www.redditstatic.com/desktop2x/Reddit.e97b200e09601a10d43f.js (1)
[0727/010425.789:INFO:CONSOLE(1)] "OTS parsing error: invalid version tag", source: https://www.redditstatic.com/desktop2x/Reddit.e97b200e09601a10d43f.js (1)
[0727/010425.889:INFO:CONSOLE(0)] "Failed to decode downloaded font: https://www.redditstatic.com/desktop2x/fonts/IBMPlexSans/Regular-e6bbcdd30d3bd4d6b170bcb6d3552cab.woff", source: https://www.reddit.com/ (0)
[0727/010425.891:INFO:CONSOLE(0)] "OTS parsing error: invalid version tag", source: https://www.reddit.com/ (0)
[0727/010425.891:INFO:CONSOLE(0)] "Failed to decode downloaded font: https://www.redditstatic.com/desktop2x/fonts/IBMPlexSans/Medium-1051a531d3e1ee3483a6533158557139.woff", source: https://www.reddit.com/ (0)
[0727/010425.891:INFO:CONSOLE(0)] "OTS parsing error: invalid version tag", source: https://www.reddit.com/ (0)
[0727/010427.780:INFO:CONSOLE(0)] "Failed to decode downloaded font: https://www.redditstatic.com/desktop2x/fonts/IBMPlexSans/Regular-e6bbcdd30d3bd4d6b170bcb6d3552cab.woff", source: https://www.reddit.com/ (0)
[0727/010427.782:INFO:CONSOLE(0)] "OTS parsing error: invalid version tag", source: https://www.reddit.com/ (0)
[0727/010427.782:INFO:CONSOLE(0)] "Failed to decode downloaded font: https://www.redditstatic.com/desktop2x/fonts/IBMPlexSans/Medium-1051a531d3e1ee3483a6533158557139.woff", source: https://www.reddit.com/ (0)
[0727/010427.783:INFO:CONSOLE(0)] "OTS parsing error: invalid version tag", source: https://www.reddit.com/ (0)
[0727/010428.699:INFO:CONSOLE(0)] "Failed to decode downloaded font: https://www.redditstatic.com/desktop2x/fonts/IBMPlexSans/Regular-e6bbcdd30d3bd4d6b170bcb6d3552cab.woff", source: https://www.reddit.com/ (0)
[0727/010428.699:INFO:CONSOLE(0)] "OTS parsing error: invalid version tag", source: https://www.reddit.com/ (0)
[0727/010428.699:INFO:CONSOLE(0)] "Failed to decode downloaded font: https://www.redditstatic.com/desktop2x/fonts/IBMPlexSans/Medium-1051a531d3e1ee3483a6533158557139.woff", source: https://www.reddit.com/ (0)
[0727/010428.699:INFO:CONSOLE(0)] "OTS parsing error: invalid version tag", source: https://www.reddit.com/ (0)
[0727/010428.752:INFO:CONSOLE(1)] "chrome.loadTimes() is deprecated, instead use standardized API: nextHopProtocol in Navigation Timing 2. https://www.chromestatus.com/features/5637885046816768.", source: https://securepubads.g.doubleclick.net/gpt/pubads_impl_235.js (1)
[0727/010428.779:INFO:CONSOLE(1)] "chrome.loadTimes() is deprecated, instead use standardized API: nextHopProtocol in Navigation Timing 2. https://www.chromestatus.com/features/5637885046816768.", source: https://securepubads.g.doubleclick.net/gpt/pubads_impl_235.js (1)
[0727/010428.780:INFO:CONSOLE(1)] "chrome.loadTimes() is deprecated, instead use standardized API: nextHopProtocol in Navigation Timing 2. https://www.chromestatus.com/features/5637885046816768.", source: https://securepubads.g.doubleclick.net/gpt/pubads_impl_235.js (1)
[0727/010428.780:INFO:CONSOLE(1)] "chrome.loadTimes() is deprecated, instead use standardized API: nextHopProtocol in Navigation Timing 2. https://www.chromestatus.com/features/5637885046816768.", source: https://securepubads.g.doubleclick.net/gpt/pubads_impl_235.js (1)
[0727/010429.071:INFO:CONSOLE(0)] "Error parsing header X-XSS-Protection: 1; mode=block; report=https://www.google.com/appserve/security-bugs/log/youtube: insecure reporting URL for secure page at character position 22. The default protections will be applied.", source: https://www.youtube.com/embed/c_sXhn8Omn8?wmode=opaque&widget_referrer=https%3A%2F%2Fwww.redditmedia.com%2Fmediaembed%2F927yhb%3Fresponsive%3Dtrue&enablejsapi=1&origin=https%3A%2F%2Fcdn.embedly.com&widgetid=1 (0)
[0727/010536.628:ERROR:gles2_command_buffer_stub.cc(226)] ContextResult::kFatalFailure: Failed to create surface.
[0727/010536.660:ERROR:gpu_process_transport_factory.cc(1029)] Lost UI shared context.
[0727/013300.823:ERROR:gles2_command_buffer_stub.cc(226)] ContextResult::kFatalFailure: Failed to create surface.
[0727/013300.854:ERROR:gpu_process_transport_factory.cc(1029)] Lost UI shared context.
[0727/013619.764:ERROR:gles2_command_buffer_stub.cc(226)] ContextResult::kFatalFailure: Failed to create surface.
[0727/013619.795:ERROR:gpu_process_host.cc(996)] Bad parenting request from gpu process.
[0727/013619.811:ERROR:gpu_process_transport_factory.cc(1029)] Lost UI shared context.
[0727/014053.184:ERROR:gles2_command_buffer_stub.cc(226)] ContextResult::kFatalFailure: Failed to create surface.
[0727/014053.184:ERROR:gpu_process_transport_factory.cc(1029)] Lost UI shared context.
[0727/014154.623:ERROR:gles2_command_buffer_stub.cc(226)] ContextResult::kFatalFailure: Failed to create surface.
[0727/014154.625:ERROR:gpu_process_host.cc(996)] Bad parenting request from gpu process.
[0727/014154.752:ERROR:gpu_process_transport_factory.cc(1029)] Lost UI shared context.
[0727/014254.272:ERROR:gles2_command_buffer_stub.cc(226)] ContextResult::kFatalFailure: Failed to create surface.
[0727/014254.276:ERROR:gpu_process_host.cc(996)] Bad parenting request from gpu process.
[0727/014254.282:ERROR:gpu_process_transport_factory.cc(1029)] Lost UI shared context.
[0727/014414.591:ERROR:gles2_command_buffer_stub.cc(226)] ContextResult::kFatalFailure: Failed to create surface.
[0727/014414.606:ERROR:gpu_process_transport_factory.cc(1029)] Lost UI shared context.
[0727/014436.413:INFO:CONSOLE(114)] "Mixed Content: The page at 'https://www.bcscertus.com/search/certificates.aspx?c=36' was loaded over HTTPS, but requested an insecure image 'http://certus-prod-logos.s3-website-us-east-1.amazonaws.com/daef7ae5-baac-455d-8679-9efab14eb56e.png'. This content should also be served over HTTPS.", source: https://www.bcscertus.com/search/certificates.aspx?c=36 (114)
[0727/014441.030:INFO:CONSOLE(123)] "Mixed Content: The page at 'https://www.bcscertus.com/managecertificate.aspx?c=36&co=108778&ct=138488' was loaded over HTTPS, but requested an insecure image 'http://certus-prod-logos.s3-website-us-east-1.amazonaws.com/daef7ae5-baac-455d-8679-9efab14eb56e.png'. This content should also be served over HTTPS.", source: https://www.bcscertus.com/managecertificate.aspx?c=36&co=108778&ct=138488 (123)
[0727/014452.609:INFO:CONSOLE(85)] "Mixed Content: The page at 'https://www.bcscertus.com/workflow.aspx?c=36' was loaded over HTTPS, but requested an insecure image 'http://certus-prod-logos.s3-website-us-east-1.amazonaws.com/daef7ae5-baac-455d-8679-9efab14eb56e.png'. This content should also be served over HTTPS.", source: https://www.bcscertus.com/workflow.aspx?c=36 (85)
[0727/014906.625:ERROR:gles2_command_buffer_stub.cc(226)] ContextResult::kFatalFailure: Failed to create surface.
[0727/014906.640:ERROR:gpu_process_transport_factory.cc(1029)] Lost UI shared context.
[0727/015621.845:ERROR:gles2_command_buffer_stub.cc(226)] ContextResult::kFatalFailure: Failed to create surface.
[0727/015621.883:ERROR:gpu_process_host.cc(996)] Bad parenting request from gpu process.
[0727/015622.223:ERROR:gpu_process_transport_factory.cc(1029)] Lost UI shared context.
[0727/020301.726:ERROR:gles2_command_buffer_stub.cc(226)] ContextResult::kFatalFailure: Failed to create surface.
[0727/020301.742:ERROR:gpu_process_transport_factory.cc(1029)] Lost UI shared context.
[0727/020734.897:ERROR:gpu_process_host.cc(996)] Bad parenting request from gpu process.
[0727/020734.895:ERROR:gles2_command_buffer_stub.cc(226)] ContextResult::kFatalFailure: Failed to create surface.
[0727/020734.933:ERROR:gpu_process_transport_factory.cc(1029)] Lost UI shared context.
[0727/020735.116:WARNING:ipc_message_attachment_set.cc(49)] MessageAttachmentSet destroyed with unconsumed attachments: 0/1
[0727/020735.117:ERROR:command_buffer_proxy_impl.cc(133)] ContextResult::kTransientFailure: Failed to send GpuChannelMsg_CreateCommandBuffer.
[0727/020944.546:ERROR:gles2_command_buffer_stub.cc(226)] ContextResult::kFatalFailure: Failed to create surface.
[0727/020944.569:ERROR:gpu_process_transport_factory.cc(1029)] Lost UI shared context.
[0727/021304.882:ERROR:gles2_command_buffer_stub.cc(226)] ContextResult::kFatalFailure: Failed to create surface.
[0727/021304.944:ERROR:gpu_process_transport_factory.cc(1029)] Lost UI shared context.
[0727/022119.234:ERROR:gles2_command_buffer_stub.cc(226)] ContextResult::kFatalFailure: Failed to create surface.
[0727/022119.236:ERROR:gpu_process_host.cc(996)] Bad parenting request from gpu process.
[0727/022119.264:ERROR:gpu_process_transport_factory.cc(1029)] Lost UI shared context.
[0727/022242.559:ERROR:gles2_command_buffer_stub.cc(226)] ContextResult::kFatalFailure: Failed to create surface.
[0727/022243.043:ERROR:gpu_process_transport_factory.cc(1029)] Lost UI shared context.
[0727/022423.997:ERROR:gles2_command_buffer_stub.cc(226)] ContextResult::kFatalFailure: Failed to create surface.
[0727/022424.015:ERROR:gpu_process_transport_factory.cc(1029)] Lost UI shared context.
[0727/022946.055:INFO:CONSOLE(0)] "Failed to decode downloaded font: https://www.redditstatic.com/desktop2x/fonts/IBMPlexSans/Medium-1051a531d3e1ee3483a6533158557139.woff", source: https://www.reddit.com/ (0)
[0727/022946.083:INFO:CONSOLE(0)] "OTS parsing error: invalid version tag", source: https://www.reddit.com/ (0)
[0727/022946.095:INFO:CONSOLE(0)] "Failed to decode downloaded font: https://www.redditstatic.com/desktop2x/fonts/IBMPlexSans/Regular-e6bbcdd30d3bd4d6b170bcb6d3552cab.woff", source: https://www.reddit.com/ (0)
[0727/022946.103:INFO:CONSOLE(0)] "OTS parsing error: invalid version tag", source: https://www.reddit.com/ (0)
[0727/022947.079:INFO:CONSOLE(1)] "
                  ,d"=≥,.,qOp,
                 ,7'  ''²$(  )
                ,7'      '?q$7'
             ..,$$,.
   ,.  .,,--***²""²***--,,.  .,
 ²   ,p²''              ''²q,   ²
:  ,7'                      '7,  :
 ' $      ,db,      ,db,      $ '
  '$      ²$$²      ²$$²      $'    Using Reddit at work? Work for Reddit.
  '$                          $'        https://www.reddit.com/jobs
   '$.     .,        ,.     .$'
    'b,     '²«»«»«»²'     ,d'
     '²?bn,,          ,,nd?²'
       ,7$ ''²²²²²²²²'' $7,
     ,² ²$              $² ²,
     $  :$              $:  $
     $   $              $   $
     'b  q:            :p  d'
      '²«?$.          .$?»²'
         'b            d'
       ,²²'?,.      .,?'²²,
      ²==--≥²²==--==²²≤--==²
", source: https://www.redditstatic.com/desktop2x/Chat~Gifts~ProductionClient~Reddit.f3fe6b51028be475d9ab.js (1)
[0727/022947.391:INFO:CONSOLE(1)] "Failed to decode downloaded font: https://www.redditstatic.com/desktop2x/fonts/IBMPlexSans/Regular-e6bbcdd30d3bd4d6b170bcb6d3552cab.woff", source: https://www.redditstatic.com/desktop2x/Profile~ProfileHomepage~ProfilePostComments~R2CommentsPage~R2Listing~Reddit.8aff56326ed6d6bb44d4.js (1)
[0727/022947.391:INFO:CONSOLE(1)] "OTS parsing error: invalid version tag", source: https://www.redditstatic.com/desktop2x/Profile~ProfileHomepage~ProfilePostComments~R2CommentsPage~R2Listing~Reddit.8aff56326ed6d6bb44d4.js (1)
[0727/022947.395:INFO:CONSOLE(1)] "Failed to decode downloaded font: https://www.redditstatic.com/desktop2x/fonts/IBMPlexSans/Medium-1051a531d3e1ee3483a6533158557139.woff", source: https://www.redditstatic.com/desktop2x/Profile~ProfileHomepage~ProfilePostComments~R2CommentsPage~R2Listing~Reddit.8aff56326ed6d6bb44d4.js (1)
[0727/022947.395:INFO:CONSOLE(1)] "OTS parsing error: invalid version tag", source: https://www.redditstatic.com/desktop2x/Profile~ProfileHomepage~ProfilePostComments~R2CommentsPage~R2Listing~Reddit.8aff56326ed6d6bb44d4.js (1)
[0727/022947.811:INFO:CONSOLE(1)] "%cStarting Raven %crelease %c429aaeab-production %cpublic url %chttps://6b5ce051b2ed4032bd906af3de0630cd@oops.redditmedia.com/11", source: https://www.redditstatic.com/desktop2x/Chat~Gifts~ProductionClient~Reddit.f3fe6b51028be475d9ab.js (1)
[0727/022949.199:INFO:CONSOLE(1)] "Failed to decode downloaded font: https://www.redditstatic.com/desktop2x/fonts/IBMPlexSans/Regular-e6bbcdd30d3bd4d6b170bcb6d3552cab.woff", source: https://www.redditstatic.com/desktop2x/Reddit.e97b200e09601a10d43f.js (1)
[0727/022949.203:INFO:CONSOLE(1)] "OTS parsing error: invalid version tag", source: https://www.redditstatic.com/desktop2x/Reddit.e97b200e09601a10d43f.js (1)
[0727/022949.203:INFO:CONSOLE(1)] "Failed to decode downloaded font: https://www.redditstatic.com/desktop2x/fonts/IBMPlexSans/Medium-1051a531d3e1ee3483a6533158557139.woff", source: https://www.redditstatic.com/desktop2x/Reddit.e97b200e09601a10d43f.js (1)
[0727/022949.207:INFO:CONSOLE(1)] "OTS parsing error: invalid version tag", source: https://www.redditstatic.com/desktop2x/Reddit.e97b200e09601a10d43f.js (1)
[0727/022949.311:INFO:CONSOLE(1)] "Failed to decode downloaded font: https://www.redditstatic.com/desktop2x/fonts/IBMPlexSans/Regular-e6bbcdd30d3bd4d6b170bcb6d3552cab.woff", source: https://www.redditstatic.com/desktop2x/Reddit.e97b200e09601a10d43f.js (1)
[0727/022949.327:INFO:CONSOLE(1)] "OTS parsing error: invalid version tag", source: https://www.redditstatic.com/desktop2x/Reddit.e97b200e09601a10d43f.js (1)
[0727/022949.327:INFO:CONSOLE(1)] "Failed to decode downloaded font: https://www.redditstatic.com/desktop2x/fonts/IBMPlexSans/Medium-1051a531d3e1ee3483a6533158557139.woff", source: https://www.redditstatic.com/desktop2x/Reddit.e97b200e09601a10d43f.js (1)
[0727/022949.327:INFO:CONSOLE(1)] "OTS parsing error: invalid version tag", source: https://www.redditstatic.com/desktop2x/Reddit.e97b200e09601a10d43f.js (1)
[0727/022949.383:ERROR:render_media_log.cc(30)] MediaEvent: MEDIA_ERROR_LOG_ENTRY {"error":"FFmpegDemuxer: no supported streams"}
[0727/022949.435:ERROR:render_media_log.cc(30)] MediaEvent: PIPELINE_ERROR DEMUXER_ERROR_NO_SUPPORTED_STREAMS
[0727/022949.604:INFO:CONSOLE(0)] "Failed to decode downloaded font: https://www.redditstatic.com/desktop2x/fonts/IBMPlexSans/Regular-e6bbcdd30d3bd4d6b170bcb6d3552cab.woff", source: https://www.reddit.com/ (0)
[0727/022949.604:INFO:CONSOLE(0)] "OTS parsing error: invalid version tag", source: https://www.reddit.com/ (0)
[0727/022949.604:INFO:CONSOLE(0)] "Failed to decode downloaded font: https://www.redditstatic.com/desktop2x/fonts/IBMPlexSans/Medium-1051a531d3e1ee3483a6533158557139.woff", source: https://www.reddit.com/ (0)
[0727/022949.604:INFO:CONSOLE(0)] "OTS parsing error: invalid version tag", source: https://www.reddit.com/ (0)
[0727/022949.747:ERROR:render_media_log.cc(30)] MediaEvent: MEDIA_ERROR_LOG_ENTRY {"error":"FFmpegDemuxer: no supported streams"}
[0727/022950.055:INFO:CONSOLE(1)] "
                  ,d"=≥,.,qOp,
                 ,7'  ''²$(  )
                ,7'      '?q$7'
             ..,$$,.
   ,.  .,,--***²""²***--,,.  .,
 ²   ,p²''              ''²q,   ²
:  ,7'                      '7,  :
 ' $      ,db,      ,db,      $ '
  '$      ²$$²      ²$$²      $'    Using Reddit at work? Work for Reddit.
  '$                          $'        https://www.reddit.com/jobs
   '$.     .,        ,.     .$'
    'b,     '²«»«»«»²'     ,d'
     '²?bn,,          ,,nd?²'
       ,7$ ''²²²²²²²²'' $7,
     ,² ²$              $² ²,
     $  :$              $:  $
     $   $              $   $
     'b  q:            :p  d'
      '²«?$.          .$?»²'
         'b            d'
       ,²²'?,.      .,?'²²,
      ²==--≥²²==--==²²≤--==²
", source: https://www.redditstatic.com/desktop2x/Chat~Gifts~ProductionClient~Reddit.f3fe6b51028be475d9ab.js (1)
[0727/022950.191:INFO:CONSOLE(1)] "Failed to decode downloaded font: https://www.redditstatic.com/desktop2x/fonts/IBMPlexSans/Regular-e6bbcdd30d3bd4d6b170bcb6d3552cab.woff", source: https://www.redditstatic.com/desktop2x/Profile~ProfileHomepage~ProfilePostComments~R2CommentsPage~R2Listing~Reddit.8aff56326ed6d6bb44d4.js (1)
[0727/022950.195:INFO:CONSOLE(1)] "OTS parsing error: invalid version tag", source: https://www.redditstatic.com/desktop2x/Profile~ProfileHomepage~ProfilePostComments~R2CommentsPage~R2Listing~Reddit.8aff56326ed6d6bb44d4.js (1)
[0727/022950.195:INFO:CONSOLE(1)] "Failed to decode downloaded font: https://www.redditstatic.com/desktop2x/fonts/IBMPlexSans/Medium-1051a531d3e1ee3483a6533158557139.woff", source: https://www.redditstatic.com/desktop2x/Profile~ProfileHomepage~ProfilePostComments~R2CommentsPage~R2Listing~Reddit.8aff56326ed6d6bb44d4.js (1)
[0727/022950.195:INFO:CONSOLE(1)] "OTS parsing error: invalid version tag", source: https://www.redditstatic.com/desktop2x/Profile~ProfileHomepage~ProfilePostComments~R2CommentsPage~R2Listing~Reddit.8aff56326ed6d6bb44d4.js (1)
[0727/022950.379:INFO:CONSOLE(1)] "%cStarting Raven %crelease %c429aaeab-production %cpublic url %chttps://6b5ce051b2ed4032bd906af3de0630cd@oops.redditmedia.com/11", source: https://www.redditstatic.com/desktop2x/Chat~Gifts~ProductionClient~Reddit.f3fe6b51028be475d9ab.js (1)
[0727/022950.455:ERROR:render_media_log.cc(30)] MediaEvent: PIPELINE_ERROR DEMUXER_ERROR_NO_SUPPORTED_STREAMS
[0727/022951.131:INFO:CONSOLE(1)] "Failed to decode downloaded font: https://www.redditstatic.com/desktop2x/fonts/IBMPlexSans/Regular-e6bbcdd30d3bd4d6b170bcb6d3552cab.woff", source: https://www.redditstatic.com/desktop2x/Reddit.e97b200e09601a10d43f.js (1)
[0727/022951.131:INFO:CONSOLE(1)] "OTS parsing error: invalid version tag", source: https://www.redditstatic.com/desktop2x/Reddit.e97b200e09601a10d43f.js (1)
[0727/022951.131:INFO:CONSOLE(1)] "Failed to decode downloaded font: https://www.redditstatic.com/desktop2x/fonts/IBMPlexSans/Medium-1051a531d3e1ee3483a6533158557139.woff", source: https://www.redditstatic.com/desktop2x/Reddit.e97b200e09601a10d43f.js (1)
[0727/022951.131:INFO:CONSOLE(1)] "OTS parsing error: invalid version tag", source: https://www.redditstatic.com/desktop2x/Reddit.e97b200e09601a10d43f.js (1)
[0727/022951.263:INFO:CONSOLE(1)] "Failed to decode downloaded font: https://www.redditstatic.com/desktop2x/fonts/IBMPlexSans/Regular-e6bbcdd30d3bd4d6b170bcb6d3552cab.woff", source: https://www.redditstatic.com/desktop2x/Reddit.e97b200e09601a10d43f.js (1)
[0727/022951.263:INFO:CONSOLE(1)] "OTS parsing error: invalid version tag", source: https://www.redditstatic.com/desktop2x/Reddit.e97b200e09601a10d43f.js (1)
[0727/022951.267:INFO:CONSOLE(1)] "Failed to decode downloaded font: https://www.redditstatic.com/desktop2x/fonts/IBMPlexSans/Medium-1051a531d3e1ee3483a6533158557139.woff", source: https://www.redditstatic.com/desktop2x/Reddit.e97b200e09601a10d43f.js (1)
[0727/022951.267:INFO:CONSOLE(1)] "OTS parsing error: invalid version tag", source: https://www.redditstatic.com/desktop2x/Reddit.e97b200e09601a10d43f.js (1)
[0727/022951.351:ERROR:render_media_log.cc(30)] MediaEvent: MEDIA_ERROR_LOG_ENTRY {"error":"FFmpegDemuxer: no supported streams"}
[0727/022951.403:ERROR:render_media_log.cc(30)] MediaEvent: PIPELINE_ERROR DEMUXER_ERROR_NO_SUPPORTED_STREAMS
[0727/022954.005:ERROR:render_media_log.cc(30)] MediaEvent: MEDIA_ERROR_LOG_ENTRY {"error":"FFmpegDemuxer: no supported streams"}
[0727/022954.117:ERROR:render_media_log.cc(30)] MediaEvent: PIPELINE_ERROR DEMUXER_ERROR_NO_SUPPORTED_STREAMS
[0727/022955.573:WARNING:render_frame_host_impl.cc(2751)] OnDidStopLoading was called twice.
[0727/022955.577:WARNING:render_frame_host_impl.cc(2751)] OnDidStopLoading was called twice.
[0727/022956.413:INFO:CONSOLE(0)] "Failed to decode downloaded font: https://www.redditstatic.com/desktop2x/fonts/IBMPlexSans/Regular-e6bbcdd30d3bd4d6b170bcb6d3552cab.woff", source: https://www.reddit.com/ (0)
[0727/022956.421:INFO:CONSOLE(0)] "OTS parsing error: invalid version tag", source: https://www.reddit.com/ (0)
[0727/022956.425:INFO:CONSOLE(0)] "Failed to decode downloaded font: https://www.redditstatic.com/desktop2x/fonts/IBMPlexSans/Medium-1051a531d3e1ee3483a6533158557139.woff", source: https://www.reddit.com/ (0)
[0727/022956.425:INFO:CONSOLE(0)] "OTS parsing error: invalid version tag", source: https://www.reddit.com/ (0)
[0727/022956.977:INFO:CONSOLE(0)] "Failed to decode downloaded font: https://www.redditstatic.com/desktop2x/fonts/IBMPlexSans/Regular-e6bbcdd30d3bd4d6b170bcb6d3552cab.woff", source: https://www.reddit.com/ (0)
[0727/022956.981:INFO:CONSOLE(0)] "OTS parsing error: invalid version tag", source: https://www.reddit.com/ (0)
[0727/022956.981:INFO:CONSOLE(0)] "Failed to decode downloaded font: https://www.redditstatic.com/desktop2x/fonts/IBMPlexSans/Medium-1051a531d3e1ee3483a6533158557139.woff", source: https://www.reddit.com/ (0)
[0727/022956.981:INFO:CONSOLE(0)] "OTS parsing error: invalid version tag", source: https://www.reddit.com/ (0)
[0727/022957.405:INFO:CONSOLE(1)] "Failed to decode downloaded font: https://www.redditstatic.com/desktop2x/fonts/IBMPlexSans/Regular-e6bbcdd30d3bd4d6b170bcb6d3552cab.woff", source: https://www.redditstatic.com/desktop2x/Profile~ProfileHomepage~ProfilePostComments~R2CommentsPage~R2Listing~Reddit.8aff56326ed6d6bb44d4.js (1)
[0727/022957.405:INFO:CONSOLE(1)] "OTS parsing error: invalid version tag", source: https://www.redditstatic.com/desktop2x/Profile~ProfileHomepage~ProfilePostComments~R2CommentsPage~R2Listing~Reddit.8aff56326ed6d6bb44d4.js (1)
[0727/022957.405:INFO:CONSOLE(1)] "Failed to decode downloaded font: https://www.redditstatic.com/desktop2x/fonts/IBMPlexSans/Medium-1051a531d3e1ee3483a6533158557139.woff", source: https://www.redditstatic.com/desktop2x/Profile~ProfileHomepage~ProfilePostComments~R2CommentsPage~R2Listing~Reddit.8aff56326ed6d6bb44d4.js (1)
[0727/022957.405:INFO:CONSOLE(1)] "OTS parsing error: invalid version tag", source: https://www.redditstatic.com/desktop2x/Profile~ProfileHomepage~ProfilePostComments~R2CommentsPage~R2Listing~Reddit.8aff56326ed6d6bb44d4.js (1)
[0727/022957.613:ERROR:render_media_log.cc(30)] MediaEvent: MEDIA_ERROR_LOG_ENTRY {"error":"FFmpegDemuxer: no supported streams"}
[0727/022957.661:ERROR:render_media_log.cc(30)] MediaEvent: PIPELINE_ERROR DEMUXER_ERROR_NO_SUPPORTED_STREAMS
[0727/022957.685:ERROR:render_media_log.cc(30)] MediaEvent: MEDIA_ERROR_LOG_ENTRY {"error":"FFmpegDemuxer: no supported streams"}
[0727/022957.693:ERROR:render_media_log.cc(30)] MediaEvent: PIPELINE_ERROR DEMUXER_ERROR_NO_SUPPORTED_STREAMS
[0727/022957.741:INFO:CONSOLE(0)] "Failed to decode downloaded font: https://www.redditstatic.com/desktop2x/fonts/IBMPlexSans/Regular-e6bbcdd30d3bd4d6b170bcb6d3552cab.woff", source: https://www.reddit.com/ (0)
[0727/022957.741:INFO:CONSOLE(0)] "OTS parsing error: invalid version tag", source: https://www.reddit.com/ (0)
[0727/022957.741:INFO:CONSOLE(0)] "Failed to decode downloaded font: https://www.redditstatic.com/desktop2x/fonts/IBMPlexSans/Medium-1051a531d3e1ee3483a6533158557139.woff", source: https://www.reddit.com/ (0)
[0727/022957.741:INFO:CONSOLE(0)] "OTS parsing error: invalid version tag", source: https://www.reddit.com/ (0)
[0727/023000.225:ERROR:render_media_log.cc(30)] MediaEvent: MEDIA_ERROR_LOG_ENTRY {"error":"FFmpegDemuxer: no supported streams"}
[0727/023000.349:ERROR:render_media_log.cc(30)] MediaEvent: PIPELINE_ERROR DEMUXER_ERROR_NO_SUPPORTED_STREAMS
[0727/023001.277:ERROR:render_media_log.cc(30)] MediaEvent: MEDIA_ERROR_LOG_ENTRY {"error":"FFmpegDemuxer: no supported streams"}
[0727/023001.277:ERROR:render_media_log.cc(30)] MediaEvent: PIPELINE_ERROR DEMUXER_ERROR_NO_SUPPORTED_STREAMS
[0727/023002.449:ERROR:render_media_log.cc(30)] MediaEvent: MEDIA_ERROR_LOG_ENTRY {"error":"FFmpegDemuxer: no supported streams"}
[0727/023002.449:ERROR:render_media_log.cc(30)] MediaEvent: PIPELINE_ERROR DEMUXER_ERROR_NO_SUPPORTED_STREAMS
[0727/023007.902:INFO:CONSOLE(1)] "Failed to decode downloaded font: https://www.redditstatic.com/desktop2x/fonts/IBMPlexSans/Regular-e6bbcdd30d3bd4d6b170bcb6d3552cab.woff", source: https://www.redditstatic.com/desktop2x/Reddit.e97b200e09601a10d43f.js (1)
[0727/023007.902:INFO:CONSOLE(1)] "OTS parsing error: invalid version tag", source: https://www.redditstatic.com/desktop2x/Reddit.e97b200e09601a10d43f.js (1)
[0727/023007.902:INFO:CONSOLE(1)] "Failed to decode downloaded font: https://www.redditstatic.com/desktop2x/fonts/IBMPlexSans/Medium-1051a531d3e1ee3483a6533158557139.woff", source: https://www.redditstatic.com/desktop2x/Reddit.e97b200e09601a10d43f.js (1)
[0727/023007.902:INFO:CONSOLE(1)] "OTS parsing error: invalid version tag", source: https://www.redditstatic.com/desktop2x/Reddit.e97b200e09601a10d43f.js (1)
[0727/023007.970:INFO:CONSOLE(0)] "Failed to decode downloaded font: https://www.redditstatic.com/desktop2x/fonts/IBMPlexSans/Regular-e6bbcdd30d3bd4d6b170bcb6d3552cab.woff", source: https://www.reddit.com/r/funny/comments/928ec0/colin_mochrie_at_his_finest/ (0)
[0727/023007.970:INFO:CONSOLE(0)] "OTS parsing error: invalid version tag", source: https://www.reddit.com/r/funny/comments/928ec0/colin_mochrie_at_his_finest/ (0)
[0727/023007.970:INFO:CONSOLE(0)] "Failed to decode downloaded font: https://www.redditstatic.com/desktop2x/fonts/IBMPlexSans/Medium-1051a531d3e1ee3483a6533158557139.woff", source: https://www.reddit.com/r/funny/comments/928ec0/colin_mochrie_at_his_finest/ (0)
[0727/023007.970:INFO:CONSOLE(0)] "OTS parsing error: invalid version tag", source: https://www.reddit.com/r/funny/comments/928ec0/colin_mochrie_at_his_finest/ (0)
[0727/023008.282:INFO:CONSOLE(1)] "Failed to decode downloaded font: https://www.redditstatic.com/desktop2x/fonts/IBMPlexSans/Regular-e6bbcdd30d3bd4d6b170bcb6d3552cab.woff", source: https://www.redditstatic.com/desktop2x/Reddit.e97b200e09601a10d43f.js (1)
[0727/023008.282:INFO:CONSOLE(1)] "OTS parsing error: invalid version tag", source: https://www.redditstatic.com/desktop2x/Reddit.e97b200e09601a10d43f.js (1)
[0727/023008.282:INFO:CONSOLE(1)] "Failed to decode downloaded font: https://www.redditstatic.com/desktop2x/fonts/IBMPlexSans/Medium-1051a531d3e1ee3483a6533158557139.woff", source: https://www.redditstatic.com/desktop2x/Reddit.e97b200e09601a10d43f.js (1)
[0727/023008.282:INFO:CONSOLE(1)] "OTS parsing error: invalid version tag", source: https://www.redditstatic.com/desktop2x/Reddit.e97b200e09601a10d43f.js (1)
[0727/023008.886:INFO:CONSOLE(0)] "Failed to decode downloaded font: https://www.redditstatic.com/desktop2x/fonts/IBMPlexSans/Regular-e6bbcdd30d3bd4d6b170bcb6d3552cab.woff", source: https://www.reddit.com/r/funny/comments/928ec0/colin_mochrie_at_his_finest/ (0)
[0727/023008.886:INFO:CONSOLE(0)] "OTS parsing error: invalid version tag", source: https://www.reddit.com/r/funny/comments/928ec0/colin_mochrie_at_his_finest/ (0)
[0727/023008.886:INFO:CONSOLE(0)] "Failed to decode downloaded font: https://www.redditstatic.com/desktop2x/fonts/IBMPlexSans/Medium-1051a531d3e1ee3483a6533158557139.woff", source: https://www.reddit.com/r/funny/comments/928ec0/colin_mochrie_at_his_finest/ (0)
[0727/023008.886:INFO:CONSOLE(0)] "OTS parsing error: invalid version tag", source: https://www.reddit.com/r/funny/comments/928ec0/colin_mochrie_at_his_finest/ (0)
[0727/023009.162:INFO:CONSOLE(1)] "Failed to decode downloaded font: https://www.redditstatic.com/desktop2x/fonts/IBMPlexSans/Regular-e6bbcdd30d3bd4d6b170bcb6d3552cab.woff", source: https://tpc.googlesyndication.com/pagead/js/r20180723/r20110914/activeview/osd_listener.js (1)
[0727/023009.174:INFO:CONSOLE(1)] "OTS parsing error: invalid version tag", source: https://tpc.googlesyndication.com/pagead/js/r20180723/r20110914/activeview/osd_listener.js (1)
[0727/023009.174:INFO:CONSOLE(1)] "Failed to decode downloaded font: https://www.redditstatic.com/desktop2x/fonts/IBMPlexSans/Medium-1051a531d3e1ee3483a6533158557139.woff", source: https://tpc.googlesyndication.com/pagead/js/r20180723/r20110914/activeview/osd_listener.js (1)
[0727/023009.174:INFO:CONSOLE(1)] "OTS parsing error: invalid version tag", source: https://tpc.googlesyndication.com/pagead/js/r20180723/r20110914/activeview/osd_listener.js (1)
[0727/023009.254:INFO:CONSOLE(0)] "Error parsing header X-XSS-Protection: 1; mode=block; report=https://www.google.com/appserve/security-bugs/log/youtube: insecure reporting URL for secure page at character position 22. The default protections will be applied.", source: https://www.youtube.com/embed/c_sXhn8Omn8?wmode=opaque&widget_referrer=https%3A%2F%2Fwww.redditmedia.com%2Fmediaembed%2F927yhb%3Fresponsive%3Dtrue&enablejsapi=1&origin=https%3A%2F%2Fcdn.embedly.com&widgetid=1 (0)
[0727/023010.546:INFO:CONSOLE(0)] "Failed to decode downloaded font: https://www.redditstatic.com/desktop2x/fonts/IBMPlexSans/Regular-e6bbcdd30d3bd4d6b170bcb6d3552cab.woff", source: https://www.reddit.com/r/funny/comments/928ec0/colin_mochrie_at_his_finest/ (0)
[0727/023010.549:INFO:CONSOLE(0)] "OTS parsing error: invalid version tag", source: https://www.reddit.com/r/funny/comments/928ec0/colin_mochrie_at_his_finest/ (0)
[0727/023010.549:INFO:CONSOLE(0)] "Failed to decode downloaded font: https://www.redditstatic.com/desktop2x/fonts/IBMPlexSans/Medium-1051a531d3e1ee3483a6533158557139.woff", source: https://www.reddit.com/r/funny/comments/928ec0/colin_mochrie_at_his_finest/ (0)
[0727/023010.549:INFO:CONSOLE(0)] "OTS parsing error: invalid version tag", source: https://www.reddit.com/r/funny/comments/928ec0/colin_mochrie_at_his_finest/ (0)
[0727/023012.010:INFO:CONSOLE(0)] "Refused to execute script from 'https://ad.atdmt.com/i/img;adv=11102203326649;ec=11102203327103;adv.a=6257501;c.a=21430004;s.a=3651745;p.a=224978177;a.a=423110816;cache=1547957693;' because its MIME type ('image/gif') is not executable.", source: https://googleads.g.doubleclick.net/pagead/ads?client=ca-pub-9699191536922730&output=html&h=250&slotname=9642010866%2F6124838106&adk=3982778549&adf=3530038683&w=300&guci=2.2.0.0.2.2.0&url=https%3A%2F%2Fwww.reddit.com%2Fr%2Ffunny%2Fcomments%2F928ec0%2Fcolin_mochrie_at_his_finest%2F&ea=0&flash=0&wgl=1&dt=1532673011169&bpp=32&bdt=16&fdt=32&idt=60&shv=r20180723&cbv=r20180604&saldr=sa&correlator=1624617332998&frm=24&ife=3&pv=2&ga_vid=264060496.1532673011&ga_sid=1532673011&ga_hid=246606166&ga_fc=0&iag=14&icsg=42&nhd=2&dssz=4&mdo=0&mso=0&u_tz=-240&u_his=3&u_java=0&u_h=800&u_w=1280&u_ah=760&u_aw=1280&u_cd=24&u_nplug=2&u_nmime=2&adx=0&ady=0&biw=-12245933&bih=-12245933&isw=300&ish=250&ifk=412326282&scr_x=-12245933&scr_y=-12245933&eid=21060853%2C21062171%2C368226401%2C370204028&oid=3&rx=0&eae=2&brdim=0%2C80%2C0%2C80%2C1280%2C0%2C1280%2C680%2C300%2C250&vis=1&rsz=o%7Co%7CceE%7C&abl=NS&ppjl=u&pfx=0&fu=20&bc=5&osw_key=3413188802&ifi=1&fsb=1&dtd=101 (0)
[0727/023012.386:WARNING:render_frame_host_impl.cc(2751)] OnDidStopLoading was called twice.
[0727/023012.386:WARNING:render_frame_host_impl.cc(2751)] OnDidStopLoading was called twice.
[0727/023012.782:WARNING:url_request_job_manager.cc(90)] Failed to map: chrome-extension://invalid/
[0727/023012.858:WARNING:url_request_job_manager.cc(90)] Failed to map: chrome-extension://invalid/
[0727/023349.039:ERROR:gles2_command_buffer_stub.cc(226)] ContextResult::kFatalFailure: Failed to create surface.
[0727/023349.039:ERROR:gpu_process_transport_factory.cc(1029)] Lost UI shared context.
[0727/023349.170:ERROR:command_buffer_proxy_impl.cc(114)] ContextResult::kFatalFailure: Shared memory handle is not valid
